#
# A fatal error has been detected by the Java Runtime Environment:
#
#  Internal Error (signature.cpp:54), pid=7496, tid=0x0000000000003538
#  fatal error: expecting (
#
# JRE version: Java(TM) SE Runtime Environment (8.0_271-b09) (build 1.8.0_271-b09)
# Java VM: Java HotSpot(TM) 64-Bit Server VM (25.271-b09 mixed mode windows-amd64 compressed oops)
# Failed to write core dump. Minidumps are not enabled by default on client versions of Windows
#
# If you would like to submit a bug report, please visit:
#   http://bugreport.java.com/bugreport/crash.jsp
#

---------------  T H R E A D  ---------------

Current thread (0x0000023fd3840800):  VMThread [stack: 0x000000e474500000,0x000000e474600000] [id=13624]

Stack: [0x000000e474500000,0x000000e474600000]
Native frames: (J=compiled Java code, j=interpreted, Vv=VM code, C=native code)
V  [jvm.dll+0x33f6c9]
V  [jvm.dll+0x286122]
V  [jvm.dll+0x286dcd]
V  [jvm.dll+0x27d3f6]
V  [jvm.dll+0x23f3b5]
V  [jvm.dll+0x23faa4]
V  [jvm.dll+0x116db3]
V  [jvm.dll+0x118d39]
V  [jvm.dll+0x11957e]
V  [jvm.dll+0x116bea]
V  [jvm.dll+0x115d7a]
V  [jvm.dll+0xdd69b]
V  [jvm.dll+0xde133]
V  [jvm.dll+0x122b84]
V  [jvm.dll+0x145e40]
V  [jvm.dll+0x1c9df1]
V  [jvm.dll+0x256557]
V  [jvm.dll+0x254cc5]
V  [jvm.dll+0x25543c]
V  [jvm.dll+0x25574c]
V  [jvm.dll+0x2a2dcc]
C  [ucrtbase.dll+0x214c2]
C  [KERNEL32.DLL+0x17034]
C  [ntdll.dll+0x4cec1]

VM_Operation (0x000000e474aff890): GetOrSetLocal, mode: safepoint, requested by thread 0x0000023fd389b000


---------------  P R O C E S S  ---------------

Java Threads: ( => current thread )
  0x0000023fd4f0a000 JavaThread "Service Thread" daemon [_thread_blocked, id=10300, stack(0x000000e475000000,0x000000e475100000)]
  0x0000023fd4efb800 JavaThread "C1 CompilerThread2" daemon [_thread_blocked, id=16476, stack(0x000000e474f00000,0x000000e475000000)]
  0x0000023fd4ef9000 JavaThread "C2 CompilerThread1" daemon [_thread_blocked, id=12980, stack(0x000000e474e00000,0x000000e474f00000)]
  0x0000023fd4ec5800 JavaThread "C2 CompilerThread0" daemon [_thread_blocked, id=11040, stack(0x000000e474d00000,0x000000e474e00000)]
  0x0000023fd38a3800 JavaThread "JDWP Command Reader" daemon [_thread_in_native, id=16520, stack(0x000000e474c00000,0x000000e474d00000)]
  0x0000023fd38a0000 JavaThread "JDWP Event Helper Thread" daemon [_thread_blocked, id=16260, stack(0x000000e474b00000,0x000000e474c00000)]
  0x0000023fd389b000 JavaThread "JDWP Transport Listener: dt_socket" daemon [_thread_blocked, id=1468, stack(0x000000e474a00000,0x000000e474b00000)]
  0x0000023fd387a000 JavaThread "Attach Listener" daemon [_thread_blocked, id=9848, stack(0x000000e474900000,0x000000e474a00000)]
  0x0000023fd3879000 JavaThread "Signal Dispatcher" daemon [_thread_blocked, id=3180, stack(0x000000e474800000,0x000000e474900000)]
  0x0000023fb8f3e800 JavaThread "Finalizer" daemon [_thread_blocked, id=16288, stack(0x000000e474700000,0x000000e474800000)]
  0x0000023fd3863000 JavaThread "Reference Handler" daemon [_thread_blocked, id=584, stack(0x000000e474600000,0x000000e474700000)]
  0x0000023fb8ea3000 JavaThread "main" [_thread_blocked, id=9160, stack(0x000000e474000000,0x000000e474100000)]

Other Threads:
=>0x0000023fd3840800 VMThread [stack: 0x000000e474500000,0x000000e474600000] [id=13624]
  0x0000023fd5023800 WatcherThread [stack: 0x000000e475100000,0x000000e475200000] [id=2648]

VM state:at safepoint (normal execution)

VM Mutex/Monitor currently owned by a thread:  ([mutex/lock_event])
[0x0000023fb8ea0600] Threads_lock - owner thread: 0x0000023fd3840800

heap address: 0x00000006c8600000, size: 3962 MB, Compressed Oops mode: Zero based, Oop shift amount: 3
Narrow klass base: 0x0000000000000000, Narrow klass shift: 3
Compressed class space size: 1073741824 Address: 0x00000007c0000000

Heap:
 PSYoungGen      total 74240K, used 10028K [0x000000076d780000, 0x0000000774200000, 0x00000007c0000000)
  eden space 64000K, 4% used [0x000000076d780000,0x000000076da9cec8,0x0000000771600000)
  from space 10240K, 66% used [0x0000000771600000,0x0000000771cae150,0x0000000772000000)
  to   space 10240K, 0% used [0x0000000773800000,0x0000000773800000,0x0000000774200000)
 ParOldGen       total 110080K, used 8896K [0x00000006c8600000, 0x00000006cf180000, 0x000000076d780000)
  object space 110080K, 8% used [0x00000006c8600000,0x00000006c8eb0230,0x00000006cf180000)
 Metaspace       used 23697K, capacity 25188K, committed 25344K, reserved 1071104K
  class space    used 3295K, capacity 3769K, committed 3840K, reserved 1048576K

Card table byte_map: [0x0000023fc9bc0000,0x0000023fca380000] byte_map_base: 0x0000023fc657d000

Marking Bits: (ParMarkBitMap*) 0x0000000057b17fe0
 Begin Bits: [0x0000023fca8b0000, 0x0000023fce698000)
 End Bits:   [0x0000023fce698000, 0x0000023fd2480000)

Polling page: 0x0000023fba7d0000

CodeCache: size=245760Kb used=12272Kb max_used=12357Kb free=233487Kb
 bounds [0x0000023fba800000, 0x0000023fbb420000, 0x0000023fc9800000]
 total_blobs=3258 nmethods=2643 adapters=535
 compilation: enabled

Compilation events (10 events):
Event: 8.487 Thread 0x0000023fd4efb800 2662       1       java.beans.Introspector::getTargetDefaultPropertyIndex (5 bytes)
Event: 8.487 Thread 0x0000023fd4efb800 nmethod 2662 0x0000023fbb37c7d0 code [0x0000023fbb37c920, 0x0000023fbb37ca38]
Event: 8.511 Thread 0x0000023fd4efb800 2663       1       sun.nio.cs.SingleByte$Decoder::decode (11 bytes)
Event: 8.511 Thread 0x0000023fd4efb800 nmethod 2663 0x0000023fbb395b10 code [0x0000023fbb395c60, 0x0000023fbb395db8]
Event: 10.080 Thread 0x0000023fd4ec5800 nmethod 2639 0x0000023fbb3bab50 code [0x0000023fbb3bb840, 0x0000023fbb3cc740]
Event: 10.080 Thread 0x0000023fd4ec5800 2658       4       groovyjarjarasm.asm.ByteVector::b (64 bytes)
Event: 10.083 Thread 0x0000023fd4ec5800 nmethod 2658 0x0000023fba92bcd0 code [0x0000023fba92be20, 0x0000023fba92c068]
Event: 10.083 Thread 0x0000023fd4ec5800 2657       4       groovyjarjarasm.asm.ClassWriter::newUTF8 (70 bytes)
Event: 10.124 Thread 0x0000023fd4ec5800 nmethod 2657 0x0000023fba928dd0 code [0x0000023fba928fa0, 0x0000023fba929f68]
Event: 10.314 Thread 0x0000023fd4ef9000 nmethod 2640 0x0000023fbb3ed990 code [0x0000023fbb3ee5e0, 0x0000023fbb400800]

GC Heap History (10 events):
Event: 3.449 GC heap before
{Heap before GC invocations=2 (full 0):
 PSYoungGen      total 74240K, used 69120K [0x000000076d780000, 0x0000000772a00000, 0x00000007c0000000)
  eden space 64000K, 100% used [0x000000076d780000,0x0000000771600000,0x0000000771600000)
  from space 10240K, 50% used [0x0000000771600000,0x0000000771b002a8,0x0000000772000000)
  to   space 10240K, 0% used [0x0000000772000000,0x0000000772000000,0x0000000772a00000)
 ParOldGen       total 169472K, used 16K [0x00000006c8600000, 0x00000006d2b80000, 0x000000076d780000)
  object space 169472K, 0% used [0x00000006c8600000,0x00000006c8604000,0x00000006d2b80000)
 Metaspace       used 14272K, capacity 15186K, committed 15360K, reserved 1062912K
  class space    used 2061K, capacity 2271K, committed 2304K, reserved 1048576K
Event: 3.459 GC heap after
Heap after GC invocations=2 (full 0):
 PSYoungGen      total 74240K, used 5981K [0x000000076d780000, 0x0000000772a00000, 0x00000007c0000000)
  eden space 64000K, 0% used [0x000000076d780000,0x000000076d780000,0x0000000771600000)
  from space 10240K, 58% used [0x0000000772000000,0x00000007725d77f8,0x0000000772a00000)
  to   space 10240K, 0% used [0x0000000771600000,0x0000000771600000,0x0000000772000000)
 ParOldGen       total 169472K, used 24K [0x00000006c8600000, 0x00000006d2b80000, 0x000000076d780000)
  object space 169472K, 0% used [0x00000006c8600000,0x00000006c8606000,0x00000006d2b80000)
 Metaspace       used 14272K, capacity 15186K, committed 15360K, reserved 1062912K
  class space    used 2061K, capacity 2271K, committed 2304K, reserved 1048576K
}
Event: 4.948 GC heap before
{Heap before GC invocations=3 (full 0):
 PSYoungGen      total 74240K, used 69981K [0x000000076d780000, 0x0000000772a00000, 0x00000007c0000000)
  eden space 64000K, 100% used [0x000000076d780000,0x0000000771600000,0x0000000771600000)
  from space 10240K, 58% used [0x0000000772000000,0x00000007725d77f8,0x0000000772a00000)
  to   space 10240K, 0% used [0x0000000771600000,0x0000000771600000,0x0000000772000000)
 ParOldGen       total 169472K, used 24K [0x00000006c8600000, 0x00000006d2b80000, 0x000000076d780000)
  object space 169472K, 0% used [0x00000006c8600000,0x00000006c8606000,0x00000006d2b80000)
 Metaspace       used 19121K, capacity 20046K, committed 20224K, reserved 1067008K
  class space    used 2543K, capacity 2726K, committed 2816K, reserved 1048576K
Event: 4.967 GC heap after
Heap after GC invocations=3 (full 0):
 PSYoungGen      total 74240K, used 8675K [0x000000076d780000, 0x0000000772a00000, 0x00000007c0000000)
  eden space 64000K, 0% used [0x000000076d780000,0x000000076d780000,0x0000000771600000)
  from space 10240K, 84% used [0x0000000771600000,0x0000000771e78cd8,0x0000000772000000)
  to   space 10240K, 0% used [0x0000000772000000,0x0000000772000000,0x0000000772a00000)
 ParOldGen       total 169472K, used 32K [0x00000006c8600000, 0x00000006d2b80000, 0x000000076d780000)
  object space 169472K, 0% used [0x00000006c8600000,0x00000006c8608000,0x00000006d2b80000)
 Metaspace       used 19121K, capacity 20046K, committed 20224K, reserved 1067008K
  class space    used 2543K, capacity 2726K, committed 2816K, reserved 1048576K
}
Event: 5.637 GC heap before
{Heap before GC invocations=4 (full 0):
 PSYoungGen      total 74240K, used 31609K [0x000000076d780000, 0x0000000772a00000, 0x00000007c0000000)
  eden space 64000K, 35% used [0x000000076d780000,0x000000076ede59c0,0x0000000771600000)
  from space 10240K, 84% used [0x0000000771600000,0x0000000771e78cd8,0x0000000772000000)
  to   space 10240K, 0% used [0x0000000772000000,0x0000000772000000,0x0000000772a00000)
 ParOldGen       total 169472K, used 32K [0x00000006c8600000, 0x00000006d2b80000, 0x000000076d780000)
  object space 169472K, 0% used [0x00000006c8600000,0x00000006c8608000,0x00000006d2b80000)
 Metaspace       used 20057K, capacity 21168K, committed 21248K, reserved 1067008K
  class space    used 2710K, capacity 3003K, committed 3072K, reserved 1048576K
Event: 5.657 GC heap after
Heap after GC invocations=4 (full 0):
 PSYoungGen      total 74240K, used 8992K [0x000000076d780000, 0x0000000776880000, 0x00000007c0000000)
  eden space 64000K, 0% used [0x000000076d780000,0x000000076d780000,0x0000000771600000)
  from space 10240K, 87% used [0x0000000772000000,0x00000007728c8318,0x0000000772a00000)
  to   space 10240K, 0% used [0x0000000771600000,0x0000000771600000,0x0000000772000000)
 ParOldGen       total 169472K, used 40K [0x00000006c8600000, 0x00000006d2b80000, 0x000000076d780000)
  object space 169472K, 0% used [0x00000006c8600000,0x00000006c860a000,0x00000006d2b80000)
 Metaspace       used 20057K, capacity 21168K, committed 21248K, reserved 1067008K
  class space    used 2710K, capacity 3003K, committed 3072K, reserved 1048576K
}
Event: 5.657 GC heap before
{Heap before GC invocations=5 (full 1):
 PSYoungGen      total 74240K, used 8992K [0x000000076d780000, 0x0000000776880000, 0x00000007c0000000)
  eden space 64000K, 0% used [0x000000076d780000,0x000000076d780000,0x0000000771600000)
  from space 10240K, 87% used [0x0000000772000000,0x00000007728c8318,0x0000000772a00000)
  to   space 10240K, 0% used [0x0000000771600000,0x0000000771600000,0x0000000772000000)
 ParOldGen       total 169472K, used 40K [0x00000006c8600000, 0x00000006d2b80000, 0x000000076d780000)
  object space 169472K, 0% used [0x00000006c8600000,0x00000006c860a000,0x00000006d2b80000)
 Metaspace       used 20057K, capacity 21168K, committed 21248K, reserved 1067008K
  class space    used 2710K, capacity 3003K, committed 3072K, reserved 1048576K
Event: 5.755 GC heap after
Heap after GC invocations=5 (full 1):
 PSYoungGen      total 74240K, used 0K [0x000000076d780000, 0x0000000776880000, 0x00000007c0000000)
  eden space 64000K, 0% used [0x000000076d780000,0x000000076d780000,0x0000000771600000)
  from space 10240K, 0% used [0x0000000772000000,0x0000000772000000,0x0000000772a00000)
  to   space 10240K, 0% used [0x0000000771600000,0x0000000771600000,0x0000000772000000)
 ParOldGen       total 110080K, used 8888K [0x00000006c8600000, 0x00000006cf180000, 0x000000076d780000)
  object space 110080K, 8% used [0x00000006c8600000,0x00000006c8eae230,0x00000006cf180000)
 Metaspace       used 20057K, capacity 21168K, committed 21248K, reserved 1067008K
  class space    used 2710K, capacity 3003K, committed 3072K, reserved 1048576K
}
Event: 8.440 GC heap before
{Heap before GC invocations=6 (full 1):
 PSYoungGen      total 74240K, used 64000K [0x000000076d780000, 0x0000000776880000, 0x00000007c0000000)
  eden space 64000K, 100% used [0x000000076d780000,0x0000000771600000,0x0000000771600000)
  from space 10240K, 0% used [0x0000000772000000,0x0000000772000000,0x0000000772a00000)
  to   space 10240K, 0% used [0x0000000771600000,0x0000000771600000,0x0000000772000000)
 ParOldGen       total 110080K, used 8888K [0x00000006c8600000, 0x00000006cf180000, 0x000000076d780000)
  object space 110080K, 8% used [0x00000006c8600000,0x00000006c8eae230,0x00000006cf180000)
 Metaspace       used 23507K, capacity 25034K, committed 25344K, reserved 1071104K
  class space    used 3276K, capacity 3759K, committed 3840K, reserved 1048576K
Event: 8.449 GC heap after
Heap after GC invocations=6 (full 1):
 PSYoungGen      total 74240K, used 6840K [0x000000076d780000, 0x0000000774200000, 0x00000007c0000000)
  eden space 64000K, 0% used [0x000000076d780000,0x000000076d780000,0x0000000771600000)
  from space 10240K, 66% used [0x0000000771600000,0x0000000771cae150,0x0000000772000000)
  to   space 10240K, 0% used [0x0000000773800000,0x0000000773800000,0x0000000774200000)
 ParOldGen       total 110080K, used 8896K [0x00000006c8600000, 0x00000006cf180000, 0x000000076d780000)
  object space 110080K, 8% used [0x00000006c8600000,0x00000006c8eb0230,0x00000006cf180000)
 Metaspace       used 23507K, capacity 25034K, committed 25344K, reserved 1071104K
  class space    used 3276K, capacity 3759K, committed 3840K, reserved 1048576K
}

Deoptimization events (10 events):
Event: 8.478 Thread 0x0000023fb8ea3000 Uncommon trap: reason=unhandled action=none pc=0x0000023fbb3695a0 method=java.net.URLClassLoader.findClass(Ljava/lang/String;)Ljava/lang/Class; @ 44
Event: 8.479 Thread 0x0000023fb8ea3000 Uncommon trap: reason=unhandled action=none pc=0x0000023fbb3695a0 method=java.net.URLClassLoader.findClass(Ljava/lang/String;)Ljava/lang/Class; @ 44
Event: 8.480 Thread 0x0000023fb8ea3000 Uncommon trap: reason=unhandled action=none pc=0x0000023fbb3695a0 method=java.net.URLClassLoader.findClass(Ljava/lang/String;)Ljava/lang/Class; @ 44
Event: 8.480 Thread 0x0000023fb8ea3000 Uncommon trap: reason=unhandled action=none pc=0x0000023fbb3695a0 method=java.net.URLClassLoader.findClass(Ljava/lang/String;)Ljava/lang/Class; @ 44
Event: 8.481 Thread 0x0000023fb8ea3000 Uncommon trap: reason=unhandled action=none pc=0x0000023fbb3695a0 method=java.net.URLClassLoader.findClass(Ljava/lang/String;)Ljava/lang/Class; @ 44
Event: 8.481 Thread 0x0000023fb8ea3000 Uncommon trap: reason=unhandled action=none pc=0x0000023fbb3695a0 method=java.net.URLClassLoader.findClass(Ljava/lang/String;)Ljava/lang/Class; @ 44
Event: 8.482 Thread 0x0000023fb8ea3000 Uncommon trap: reason=unhandled action=none pc=0x0000023fbb3695a0 method=java.net.URLClassLoader.findClass(Ljava/lang/String;)Ljava/lang/Class; @ 44
Event: 8.482 Thread 0x0000023fb8ea3000 Uncommon trap: reason=unhandled action=none pc=0x0000023fbb3695a0 method=java.net.URLClassLoader.findClass(Ljava/lang/String;)Ljava/lang/Class; @ 44
Event: 8.483 Thread 0x0000023fb8ea3000 Uncommon trap: reason=unhandled action=none pc=0x0000023fbb3695a0 method=java.net.URLClassLoader.findClass(Ljava/lang/String;)Ljava/lang/Class; @ 44
Event: 8.486 Thread 0x0000023fb8ea3000 Uncommon trap: reason=unhandled action=none pc=0x0000023fbb3695a0 method=java.net.URLClassLoader.findClass(Ljava/lang/String;)Ljava/lang/Class; @ 44

Classes redefined (10 events):
Event: 539.648 Thread 0x0000023fd3840800 redefined class name=EmployeeRestTest, count=12
Event: 553.456 Thread 0x0000023fd3840800 redefined class name=EmployeeRestTest, count=13
Event: 572.198 Thread 0x0000023fd3840800 redefined class name=EmployeeRestTest, count=14
Event: 713.127 Thread 0x0000023fd3840800 redefined class name=EmployeeRestTest, count=15
Event: 782.190 Thread 0x0000023fd3840800 redefined class name=EmployeeRestTest, count=16
Event: 807.201 Thread 0x0000023fd3840800 redefined class name=EmployeeRestTest, count=17
Event: 1134.568 Thread 0x0000023fd3840800 redefined class name=EmployeeRestTest, count=18
Event: 1177.349 Thread 0x0000023fd3840800 redefined class name=EmployeeRestTest, count=19
Event: 1190.260 Thread 0x0000023fd3840800 redefined class name=EmployeeRestTest, count=20
Event: 1254.182 Thread 0x0000023fd3840800 redefined class name=EmployeeRestTest, count=21

Internal exceptions (10 events):
Event: 8.435 Thread 0x0000023fb8ea3000 Exception <a 'java/lang/ClassNotFoundException': java/io/ByteArrayOutputStreamCustomizer> (0x00000007715de6b0) thrown at [C:\jenkins\workspace\8-2-build-windows-amd64-cygwin\jdk8u271\605\hotspot\src\share\vm\classfile\systemDictionary.cpp, line 212]
Event: 8.437 Thread 0x0000023fb8ea3000 Exception <a 'java/lang/ClassNotFoundException': groovy/runtime/metaclass/[BMetaClass> (0x00000007715ebc50) thrown at [C:\jenkins\workspace\8-2-build-windows-amd64-cygwin\jdk8u271\605\hotspot\src\share\vm\prims\jni.cpp, line 737]
Event: 8.438 Thread 0x0000023fb8ea3000 Exception <a 'java/lang/ClassNotFoundException': [BBeanInfo> (0x00000007715efe38) thrown at [C:\jenkins\workspace\8-2-build-windows-amd64-cygwin\jdk8u271\605\hotspot\src\share\vm\prims\jni.cpp, line 737]
Event: 8.439 Thread 0x0000023fb8ea3000 Exception <a 'java/lang/ClassNotFoundException': [BBeanInfo> (0x00000007715f0640) thrown at [C:\jenkins\workspace\8-2-build-windows-amd64-cygwin\jdk8u271\605\hotspot\src\share\vm\prims\jni.cpp, line 737]
Event: 8.439 Thread 0x0000023fb8ea3000 Exception <a 'java/lang/ClassNotFoundException': [BCustomizer> (0x00000007715f0f50) thrown at [C:\jenkins\workspace\8-2-build-windows-amd64-cygwin\jdk8u271\605\hotspot\src\share\vm\prims\jni.cpp, line 737]
Event: 8.439 Thread 0x0000023fb8ea3000 Exception <a 'java/lang/ClassNotFoundException': [BCustomizer> (0x00000007715f1758) thrown at [C:\jenkins\workspace\8-2-build-windows-amd64-cygwin\jdk8u271\605\hotspot\src\share\vm\prims\jni.cpp, line 737]
Event: 8.479 Thread 0x0000023fb8ea3000 Exception <a 'java/lang/ClassNotFoundException': org/apache/http/conn/EofSensorInputStreamBeanInfo> (0x000000076d79aa40) thrown at [C:\jenkins\workspace\8-2-build-windows-amd64-cygwin\jdk8u271\605\hotspot\src\share\vm\classfile\systemDictionary.cpp, line 
Event: 8.480 Thread 0x0000023fb8ea3000 Exception <a 'java/lang/ClassNotFoundException': java/io/InputStreamBeanInfo> (0x000000076d7a30b8) thrown at [C:\jenkins\workspace\8-2-build-windows-amd64-cygwin\jdk8u271\605\hotspot\src\share\vm\classfile\systemDictionary.cpp, line 212]
Event: 8.481 Thread 0x0000023fb8ea3000 Exception <a 'java/lang/ClassNotFoundException': java/io/InputStreamCustomizer> (0x000000076d7ab948) thrown at [C:\jenkins\workspace\8-2-build-windows-amd64-cygwin\jdk8u271\605\hotspot\src\share\vm\classfile\systemDictionary.cpp, line 212]
Event: 8.486 Thread 0x0000023fb8ea3000 Exception <a 'java/lang/ClassNotFoundException': org/apache/http/conn/EofSensorInputStreamCustomizer> (0x000000076d7c5228) thrown at [C:\jenkins\workspace\8-2-build-windows-amd64-cygwin\jdk8u271\605\hotspot\src\share\vm\classfile\systemDictionary.cpp, lin

Events (10 events):
Event: 1272.597 Executing VM operation: GetOrSetLocal done
Event: 1272.599 Executing VM operation: GetOrSetLocal
Event: 1272.599 Executing VM operation: GetOrSetLocal done
Event: 1272.600 Executing VM operation: GetOrSetLocal
Event: 1272.600 Executing VM operation: GetOrSetLocal done
Event: 1272.601 Executing VM operation: GetOrSetLocal
Event: 1272.601 Executing VM operation: GetOrSetLocal done
Event: 1272.602 Executing VM operation: GetOrSetLocal
Event: 1272.602 Executing VM operation: GetOrSetLocal done
Event: 1272.617 Executing VM operation: GetOrSetLocal


Dynamic libraries:
0x00007ff68ae40000 - 0x00007ff68ae87000 	C:\Program Files\Java\jdk1.8.0_271\bin\javaw.exe
0x00007ffa85350000 - 0x00007ffa85546000 	C:\Windows\SYSTEM32\ntdll.dll
0x00007ffa835d0000 - 0x00007ffa8368d000 	C:\Windows\System32\KERNEL32.DLL
0x00007ffa82d20000 - 0x00007ffa82fe8000 	C:\Windows\System32\KERNELBASE.dll
0x0000000058d40000 - 0x0000000058de6000 	C:\Windows\System32\SYSFER.DLL
0x00007ffa83ac0000 - 0x00007ffa83b6c000 	C:\Windows\System32\ADVAPI32.dll
0x00007ffa839f0000 - 0x00007ffa83a8e000 	C:\Windows\System32\msvcrt.dll
0x00007ffa83cc0000 - 0x00007ffa83d5b000 	C:\Windows\System32\sechost.dll
0x00007ffa84ef0000 - 0x00007ffa85014000 	C:\Windows\System32\RPCRT4.dll
0x00007ffa83430000 - 0x00007ffa835d0000 	C:\Windows\System32\USER32.dll
0x00007ffa82ff0000 - 0x00007ffa83012000 	C:\Windows\System32\win32u.dll
0x00007ffa84cc0000 - 0x00007ffa84cea000 	C:\Windows\System32\GDI32.dll
0x00007ffa82be0000 - 0x00007ffa82ce9000 	C:\Windows\System32\gdi32full.dll
0x00007ffa82a90000 - 0x00007ffa82b2d000 	C:\Windows\System32\msvcp_win.dll
0x00007ffa831e0000 - 0x00007ffa832e0000 	C:\Windows\System32\ucrtbase.dll
0x00007ffa6b3a0000 - 0x00007ffa6b63b000 	C:\Windows\WinSxS\amd64_microsoft.windows.common-controls_6595b64144ccf1df_6.0.19041.488_none_ca04af081b815d21\COMCTL32.dll
0x00007ffa83a90000 - 0x00007ffa83ac0000 	C:\Windows\System32\IMM32.DLL
0x00007ffa70130000 - 0x00007ffa70145000 	C:\Program Files\Java\jdk1.8.0_271\jre\bin\vcruntime140.dll
0x00007ffa64600000 - 0x00007ffa6469b000 	C:\Program Files\Java\jdk1.8.0_271\jre\bin\msvcp140.dll
0x0000000057320000 - 0x0000000057b8f000 	C:\Program Files\Java\jdk1.8.0_271\jre\bin\server\jvm.dll
0x00007ffa83cb0000 - 0x00007ffa83cb8000 	C:\Windows\System32\PSAPI.DLL
0x00007ffa6dd10000 - 0x00007ffa6dd19000 	C:\Windows\SYSTEM32\WSOCK32.dll
0x00007ffa84510000 - 0x00007ffa8457b000 	C:\Windows\System32\WS2_32.dll
0x00007ffa72110000 - 0x00007ffa72137000 	C:\Windows\SYSTEM32\WINMM.dll
0x00007ffa73180000 - 0x00007ffa7318a000 	C:\Windows\SYSTEM32\VERSION.dll
0x00007ffa81330000 - 0x00007ffa81342000 	C:\Windows\SYSTEM32\kernel.appcore.dll
0x00007ffa77490000 - 0x00007ffa774a0000 	C:\Program Files\Java\jdk1.8.0_271\jre\bin\verify.dll
0x00007ffa69d50000 - 0x00007ffa69d7b000 	C:\Program Files\Java\jdk1.8.0_271\jre\bin\java.dll
0x00007ffa70580000 - 0x00007ffa705b6000 	C:\Program Files\Java\jdk1.8.0_271\jre\bin\jdwp.dll
0x00007ffa7b990000 - 0x00007ffa7b999000 	C:\Program Files\Java\jdk1.8.0_271\jre\bin\npt.dll
0x00007ffa79640000 - 0x00007ffa79670000 	C:\Program Files\Java\jdk1.8.0_271\jre\bin\instrument.dll
0x00007ffa673f0000 - 0x00007ffa67408000 	C:\Program Files\Java\jdk1.8.0_271\jre\bin\zip.dll
0x00007ffa83d60000 - 0x00007ffa844a1000 	C:\Windows\System32\SHELL32.dll
0x00007ffa80160000 - 0x00007ffa808f5000 	C:\Windows\SYSTEM32\windows.storage.dll
0x00007ffa83690000 - 0x00007ffa839e5000 	C:\Windows\System32\combase.dll
0x00007ffa82430000 - 0x00007ffa8245c000 	C:\Windows\SYSTEM32\Wldp.dll
0x00007ffa84cf0000 - 0x00007ffa84d9e000 	C:\Windows\System32\SHCORE.dll
0x00007ffa84b40000 - 0x00007ffa84b95000 	C:\Windows\System32\shlwapi.dll
0x00007ffa829c0000 - 0x00007ffa829e6000 	C:\Windows\SYSTEM32\profapi.dll
0x00007ffa795b0000 - 0x00007ffa795ba000 	C:\Program Files\Java\jdk1.8.0_271\jre\bin\dt_socket.dll
0x00007ffa79dc0000 - 0x00007ffa79dd7000 	C:\Windows\system32\napinsp.dll
0x00007ffa79da0000 - 0x00007ffa79dbb000 	C:\Windows\system32\pnrpnsp.dll
0x00007ffa7cf30000 - 0x00007ffa7cf45000 	C:\Windows\system32\wshbth.dll
0x00007ffa7a9b0000 - 0x00007ffa7a9cd000 	C:\Windows\system32\NLAapi.dll
0x00007ffa81ec0000 - 0x00007ffa81efb000 	C:\Windows\SYSTEM32\IPHLPAPI.DLL
0x00007ffa821b0000 - 0x00007ffa8221a000 	C:\Windows\System32\mswsock.dll
0x00007ffa81f00000 - 0x00007ffa81fcb000 	C:\Windows\SYSTEM32\DNSAPI.dll
0x00007ffa84b30000 - 0x00007ffa84b38000 	C:\Windows\System32\NSI.dll
0x00007ffa79de0000 - 0x00007ffa79df2000 	C:\Windows\System32\winrnr.dll
0x00007ffa7c6a0000 - 0x00007ffa7c71f000 	C:\Windows\System32\fwpuclnt.dll
0x00007ffa82cf0000 - 0x00007ffa82d17000 	C:\Windows\System32\bcrypt.dll
0x00007ffa7afb0000 - 0x00007ffa7afba000 	C:\Windows\System32\rasadhlp.dll
0x00007ffa673d0000 - 0x00007ffa673ec000 	C:\Program Files\Java\jdk1.8.0_271\jre\bin\net.dll
0x00007ffa65090000 - 0x00007ffa650b4000 	C:\Program Files\Java\jdk1.8.0_271\jre\bin\sunec.dll
0x00007ffa7afe0000 - 0x00007ffa7aff7000 	C:\Windows\SYSTEM32\dhcpcsvc6.DLL
0x00007ffa7b010000 - 0x00007ffa7b02d000 	C:\Windows\SYSTEM32\dhcpcsvc.DLL
0x00007ffa650c0000 - 0x00007ffa650d3000 	C:\Program Files\Java\jdk1.8.0_271\jre\bin\nio.dll
0x00007ffa82760000 - 0x00007ffa82778000 	C:\Windows\SYSTEM32\CRYPTSP.dll
0x00007ffa81b00000 - 0x00007ffa81b34000 	C:\Windows\system32\rsaenh.dll
0x00007ffa82980000 - 0x00007ffa829ae000 	C:\Windows\SYSTEM32\USERENV.dll
0x00007ffa83330000 - 0x00007ffa833af000 	C:\Windows\System32\bcryptprimitives.dll
0x00007ffa82350000 - 0x00007ffa8235c000 	C:\Windows\SYSTEM32\CRYPTBASE.dll
0x00007ffa782f0000 - 0x00007ffa784d4000 	C:\Windows\SYSTEM32\dbghelp.dll

VM Arguments:
jvm_args: -agentlib:jdwp=transport=dt_socket,suspend=y,address=localhost:50346 -ea -javaagent:C:\Users\rphipps\eclipse\jee-2020-09\eclipse\configuration\org.eclipse.osgi\406\0\.cp\lib\javaagent-shaded.jar -Dfile.encoding=Cp1252 
java_command: org.eclipse.jdt.internal.junit.runner.RemoteTestRunner -version 3 -port 50345 -testLoaderClass org.eclipse.jdt.internal.junit5.runner.JUnit5TestLoader -loaderpluginname org.eclipse.jdt.junit5.runtime -classNames EmployeeRestTest
java_class_path (initial): C:\Users\rphipps\Desktop\Work\Development\eclipseJEE\RESTWebApp\target\test-classes;C:\Users\rphipps\Desktop\Work\Development\eclipseJEE\RESTWebApp\target\classes;C:\Users\rphipps\.m2\repository\javax\javaee-api\8.0\javaee-api-8.0.jar;C:\Users\rphipps\.m2\repository\com\sun\mail\javax.mail\1.6.0\javax.mail-1.6.0.jar;C:\Users\rphipps\.m2\repository\javax\activation\activation\1.1\activation-1.1.jar;C:\Users\rphipps\.m2\repository\javax\enterprise\cdi-api\2.0\cdi-api-2.0.jar;C:\Users\rphipps\.m2\repository\javax\el\javax.el-api\3.0.0\javax.el-api-3.0.0.jar;C:\Users\rphipps\.m2\repository\javax\interceptor\javax.interceptor-api\1.2\javax.interceptor-api-1.2.jar;C:\Users\rphipps\.m2\repository\javax\inject\javax.inject\1\javax.inject-1.jar;C:\Users\rphipps\.m2\repository\javax\ws\rs\javax.ws.rs-api\2.1\javax.ws.rs-api-2.1.jar;C:\Users\rphipps\.m2\repository\javax\json\bind\javax.json.bind-api\1.0\javax.json.bind-api-1.0.jar;C:\Users\rphipps\.m2\repository\javax\json\javax.json-api\1.1\javax.json-api-1.1.jar;C:\Users\rphipps\.m2\repository\javax\annotation\javax.annotation-api\1.3\javax.annotation-api-1.3.jar;C:\Users\rphipps\.m2\repository\org\eclipse\microprofile\config\microprofile-config-api\1.3\microprofile-config-api-1.3.jar;C:\Users\rphipps\.m2\repository\org\osgi\org.osgi.annotation.versioning\1.0.0\org.osgi.annotation.versioning-1.0.0.jar;C:\Users\rphipps\.m2\repository\org\eclipse\microprofile\fault-tolerance\microprofile-fault-tolerance-api\1.1\microprofile-fault-tolerance-api-1.1.jar;C:\Users\rphipps\.m2\repository\org\eclipse\microprofile\health\microprofile-health-api\1.0\microprofile-health-api-1.0.jar;C:\Users\rphipps\.m2\repository\org\eclipse\microprofile\metrics\microprofile-metrics-api\1.1\microprofile-metrics-api-1.1.jar;C:\Users\rphipps\.m2\repository\org\eclipse\microprofile\jwt\microprofile-jwt-auth-api\1.1\microprofile-jwt-auth-api-1.1.jar;C:\Users\rphipps\.m2\repository\org\eclipse\microprofile\openapi\microprofile-o
Launcher Type: SUN_STANDARD

Environment Variables:
JAVA_HOME=C:\Program Files\Java\jdk1.8.0_271
PATH=C:\Program Files\Java\jdk1.8.0_271\jre\bin;C:/Program Files/Java/jdk-15.0.1/bin/server;C:/Program Files/Java/jdk-15.0.1/bin;C:\Program Files (x86)\Common Files\Oracle\Java\javapath;C:\Windows\system32;C:\Windows;C:\Windows\System32\Wbem;C:\Windows\System32\WindowsPowerShell\v1.0\;C:\Windows\System32\OpenSSH\;C:\Program Files (x86)\IBM\Informix\Client-SDK\bin;C:\Program Files (x86)\ibm\gsk7\bin;C:\Program Files (x86)\ibm\gsk7\lib;C:\Program Files\PuTTY\;C:\Users\rphipps\Desktop\Work\PythonInstall\pythonw.exe;C:\Users\rphipps\Desktop\Work\PythonInstall;C:\Program Files\Git\cmd;C:\Program Files\Java\jdk-15.0.1;C:\Users\rphipps\Desktop\Work\Mavn\apache-maven-3.6.3\bin;;C:\Program Files\Docker\Docker\resources\bin;C:\ProgramData\DockerDesktop\version-bin;C:\Program Files\nodejs\;C:\Users\rphipps\AppData\Local\Programs\Python\Python39\Scripts\;C:\Users\rphipps\AppData\Local\Programs\Python\Python39\;C:\Users\rphipps\AppData\Local\Microsoft\WindowsApps;C:\Users\rphipps\AppData\Local\Programs\Microsoft VS Code\bin;C:\Users\rphipps\Desktop\Work\PythonInstall\pythonw.exe;C:\Users\rphipps\Desktop\Work\PythonInstall;C:\Users\rphipps\Desktop\Work\Mavn\apache-maven-3.6.3\bin;C:\Users\rphipps\AppData\Local\GitHubDesktop\bin;C:\Program Files\JetBrains\IntelliJ IDEA Community Edition 2020.3\bin;C:\Users\rphipps\AppData\Local\atom\bin;C:\Users\rphipps\AppData\Roaming\npm;C:\Users\rphipps\eclipse\jee-2020-09\eclipse;
USERNAME=rphipps
OS=Windows_NT
PROCESSOR_IDENTIFIER=Intel64 Family 6 Model 78 Stepping 3, GenuineIntel



---------------  S Y S T E M  ---------------

OS: Windows 10.0 , 64 bit Build 19041 (10.0.19041.546)

CPU:total 4 (initial active 4) (2 cores per cpu, 2 threads per core) family 6 model 78 stepping 3, cmov, cx8, fxsr, mmx, sse, sse2, sse3, ssse3, sse4.1, sse4.2, popcnt, avx, avx2, aes, clmul, erms, 3dnowpref, lzcnt, ht, tsc, tscinvbit, bmi1, bmi2, adx

Memory: 4k page, physical 16225132k(5143812k free), swap 27144852k(4531556k free)

vm_info: Java HotSpot(TM) 64-Bit Server VM (25.271-b09) for windows-amd64 JRE (1.8.0_271-b09), built on Sep 16 2020 19:14:59 by "" with MS VC++ 15.9 (VS2017)

time: Wed Dec 23 15:14:09 2020
timezone: SA Pacific Standard Time
elapsed time: 1272.676617 seconds (0d 0h 21m 12s)

